<?xml version="1.0" encoding="UTF-8"?>
<!-- Generated by org.testng.reporters.JUnitXMLReporter -->
<testsuite ignored="0" hostname="DESKTOP-CCNI10G" failures="1" tests="1" name="LoginTestAndAddPropPent" time="118.371" errors="0" timestamp="2023-08-22T17:05:03 IST">
  <testcase classname="testNGLaHAddProp.Add_Prop_Res_Sell_pentHouse" name="Add_Prop" time="64.172">
    <failure type="org.openqa.selenium.ElementClickInterceptedException" message="element click intercepted: Element &amp;lt;label class=&amp;quot;btn btn-default&amp;quot;&amp;gt;...&amp;lt;/label&amp;gt; is not clickable at point (600, 62). Other element would receive the click: &amp;lt;nav class=&amp;quot;navbar navbar-expand-lg navbar-light&amp;quot; style=&amp;quot;background-color:#ffffff;box-shadow:none; &amp;quot;&amp;gt;...&amp;lt;/nav&amp;gt;
  (Session info: chrome=116.0.5845.97)
Build info: version: &amp;apos;4.11.0&amp;apos;, revision: &amp;apos;040bc5406b&amp;apos;
System info: os.name: &amp;apos;Windows 10&amp;apos;, os.arch: &amp;apos;amd64&amp;apos;, os.version: &amp;apos;10.0&amp;apos;, java.version: &amp;apos;17.0.7&amp;apos;
Driver info: org.openqa.selenium.chrome.ChromeDriver
Command: [c8c61c8fbc9865ecd0d9a918fdbda800, clickElement {id=FB324356B70467F77F7B6CBD58676517_element_311}]
Capabilities {acceptInsecureCerts: false, browserName: chrome, browserVersion: 116.0.5845.97, chrome: {chromedriverVersion: 116.0.5845.96 (1a3918166880..., userDataDir: C:\Users\TECQNIO\AppData\Lo...}, fedcm:accounts: true, goog:chromeOptions: {debuggerAddress: localhost:52954}, networkConnectionEnabled: false, pageLoadStrategy: normal, platformName: windows, proxy: Proxy(), se:cdp: ws://localhost:52954/devtoo..., se:cdpVersion: 116.0.5845.97, setWindowRect: true, strictFileInteractability: false, timeouts: {implicit: 0, pageLoad: 300000, script: 30000}, unhandledPromptBehavior: dismiss and notify, webauthn:extension:credBlob: true, webauthn:extension:largeBlob: true, webauthn:extension:minPinLength: true, webauthn:extension:prf: true, webauthn:virtualAuthenticators: true}
Element: [[ChromeDriver: chrome on windows (c8c61c8fbc9865ecd0d9a918fdbda800)] -&amp;gt; xpath: //label[normalize-space()=&amp;apos;Public Parking&amp;apos;]]
Session ID: c8c61c8fbc9865ecd0d9a918fdbda800">
      <![CDATA[org.openqa.selenium.ElementClickInterceptedException: element click intercepted: Element <label class="btn btn-default">...</label> is not clickable at point (600, 62). Other element would receive the click: <nav class="navbar navbar-expand-lg navbar-light" style="background-color:#ffffff;box-shadow:none; ">...</nav>
  (Session info: chrome=116.0.5845.97)
Build info: version: '4.11.0', revision: '040bc5406b'
System info: os.name: 'Windows 10', os.arch: 'amd64', os.version: '10.0', java.version: '17.0.7'
Driver info: org.openqa.selenium.chrome.ChromeDriver
Command: [c8c61c8fbc9865ecd0d9a918fdbda800, clickElement {id=FB324356B70467F77F7B6CBD58676517_element_311}]
Capabilities {acceptInsecureCerts: false, browserName: chrome, browserVersion: 116.0.5845.97, chrome: {chromedriverVersion: 116.0.5845.96 (1a3918166880..., userDataDir: C:\Users\TECQNIO\AppData\Lo...}, fedcm:accounts: true, goog:chromeOptions: {debuggerAddress: localhost:52954}, networkConnectionEnabled: false, pageLoadStrategy: normal, platformName: windows, proxy: Proxy(), se:cdp: ws://localhost:52954/devtoo..., se:cdpVersion: 116.0.5845.97, setWindowRect: true, strictFileInteractability: false, timeouts: {implicit: 0, pageLoad: 300000, script: 30000}, unhandledPromptBehavior: dismiss and notify, webauthn:extension:credBlob: true, webauthn:extension:largeBlob: true, webauthn:extension:minPinLength: true, webauthn:extension:prf: true, webauthn:virtualAuthenticators: true}
Element: [[ChromeDriver: chrome on windows (c8c61c8fbc9865ecd0d9a918fdbda800)] -> xpath: //label[normalize-space()='Public Parking']]
Session ID: c8c61c8fbc9865ecd0d9a918fdbda800
at org.openqa.selenium.remote.codec.w3c.W3CHttpResponseCodec.createException(W3CHttpResponseCodec.java:200)
at org.openqa.selenium.remote.codec.w3c.W3CHttpResponseCodec.decode(W3CHttpResponseCodec.java:133)
at org.openqa.selenium.remote.codec.w3c.W3CHttpResponseCodec.decode(W3CHttpResponseCodec.java:52)
at org.openqa.selenium.remote.HttpCommandExecutor.execute(HttpCommandExecutor.java:191)
at org.openqa.selenium.remote.service.DriverCommandExecutor.invokeExecute(DriverCommandExecutor.java:196)
at org.openqa.selenium.remote.service.DriverCommandExecutor.execute(DriverCommandExecutor.java:171)
at org.openqa.selenium.remote.RemoteWebDriver.execute(RemoteWebDriver.java:518)
at org.openqa.selenium.remote.RemoteWebElement.execute(RemoteWebElement.java:224)
at org.openqa.selenium.remote.RemoteWebElement.click(RemoteWebElement.java:77)
at testNGLaHAddProp.Add_Prop_Res_Sell_pentHouse.Add_Prop(Add_Prop_Res_Sell_pentHouse.java:192)
at java.base/java.util.ArrayList.forEach(ArrayList.java:1511)
... Removed 32 stack frames]]>
    </failure>
  </testcase> <!-- Add_Prop -->
</testsuite> <!-- LoginTestAndAddPropPent -->
